<?xml version="1.0" encoding="UTF-8"?>
<testng-results skipped="0" failed="0" ignored="0" total="0" passed="0">
  <reporter-output>
  </reporter-output>
  <suite name="Default suite" duration-ms="169" started-at="2021-10-06T00:30:22Z" finished-at="2021-10-06T00:30:22Z">
    <groups>
      <group name="cucumber">
        <method signature="AbstractTestNGCucumberTests.feature(cucumber.api.testng.CucumberFeatureWrapper)[pri:0, instance:com.nexttech.testrunner.TestNGTestrunner$TestRunner@523884b2]" name="feature" class="cucumber.api.testng.AbstractTestNGCucumberTests"/>
      </group> <!-- cucumber -->
    </groups>
    <test name="Default test" duration-ms="169" started-at="2021-10-06T00:30:22Z" finished-at="2021-10-06T00:30:22Z">
      <class name="com.nexttech.testrunner.TestNGTestrunner$TestRunner">
        <test-method status="PASS" signature="setUpClass()[pri:0, instance:com.nexttech.testrunner.TestNGTestrunner$TestRunner@523884b2]" name="setUpClass" is-config="true" duration-ms="108" started-at="2021-10-05T20:30:22Z" finished-at="2021-10-05T20:30:22Z">
          <reporter-output>
          </reporter-output>
        </test-method> <!-- setUpClass -->
        <test-method status="PASS" signature="tearDownClass()[pri:0, instance:com.nexttech.testrunner.TestNGTestrunner$TestRunner@523884b2]" name="tearDownClass" is-config="true" duration-ms="8" started-at="2021-10-05T20:30:22Z" finished-at="2021-10-05T20:30:22Z">
          <reporter-output>
          </reporter-output>
        </test-method> <!-- tearDownClass -->
      </class> <!-- com.nexttech.testrunner.TestNGTestrunner$TestRunner -->
    </test> <!-- Default test -->
  </suite> <!-- Default suite -->
</testng-results>
